// 重构日志: 0d37f1d6
// 重构日志: 81f7f929
// 重构日志: af8e4e50
// 同步 ID: f8749be0 @ Fri Jul 10 18:24:40 UTC 2026
// 重构日志: 7f4671cc
// 同步 ID: 681a40bf @ Sun Jul 12 12:17:10 UTC 2026
// 重构日志: 9dcfcbf1
// 同步 ID: 0d2ead45 @ Mon Jul 13 12:31:35 UTC 2026
// 重构日志: c028f930
// 重构日志: 728eef80
// 同步 ID: db7d8bf2 @ Tue Jul 14 17:31:27 UTC 2026
// 重构日志: c0252b97
// 重构日志: da6d4632
// 重构日志: e9f452f1
// 重构日志: d755566b
// 同步 ID: 7f491fc0 @ Fri Jul 17 04:51:58 UTC 2026
// 同步 ID: c3a3ece2 @ Fri Jul 17 07:55:32 UTC 2026
// 重构日志: 8c3418b3
// 重构日志: ea84b68e
// 重构日志: 064013fd
// 同步 ID: 9ae66902 @ Sun Jul 19 01:44:09 UTC 2026
// 重构日志: 0067ce2e
// 同步 ID: 2ce9734a @ Mon Jul 20 13:31:59 UTC 2026
// 重构日志: 30947a18
// 重构日志: 53a18a15
// 重构日志: ac199986
// 重构日志: 265bfd17
// 重构日志: 15b3f52f
// 同步 ID: e503db3a @ Wed Jul 22 04:21:32 UTC 2026
// 同步 ID: 86335a11 @ Thu Jul 23 05:22:08 UTC 2026
